Added Component: Designator=U1(msp432)
Added Pin To Net: NetName=3V3 Pin=U1-1
Added Pin To Net: NetName=5V Pin=U1-2
Added Pin To Net: NetName=P6.0 Pin=U1-3
Added Pin To Net: NetName=GND Pin=U1-4
Added Pin To Net: NetName=P3.2 Pin=U1-5
Added Pin To Net: NetName=P6.1 Pin=U1-6
Added Pin To Net: NetName=P3.3 Pin=U1-7
Added Pin To Net: NetName=P4.0 Pin=U1-8
Added Pin To Net: NetName=P4.1 Pin=U1-9
Added Pin To Net: NetName=P4.2 Pin=U1-10
Added Pin To Net: NetName=P4.3 Pin=U1-11
Added Pin To Net: NetName=P4.4 Pin=U1-12
Added Pin To Net: NetName=P1.5 Pin=U1-13
Added Pin To Net: NetName=P4.5 Pin=U1-14
Added Pin To Net: NetName=P4.6 Pin=U1-15
Added Pin To Net: NetName=P4.7 Pin=U1-16
Added Pin To Net: NetName=P6.5 Pin=U1-17
Added Pin To Net: NetName=P5.4 Pin=U1-18
Added Pin To Net: NetName=P6.4 Pin=U1-19
Added Pin To Net: NetName=P5.5 Pin=U1-20
Added Pin To Net: NetName=P8.5 Pin=U1-21
Added Pin To Net: NetName=P8.6 Pin=U1-22
Added Pin To Net: NetName=P9.0 Pin=U1-23
Added Pin To Net: NetName=P8.7 Pin=U1-24
Added Pin To Net: NetName=P8.4 Pin=U1-25
Added Pin To Net: NetName=P9.1 Pin=U1-26
Added Pin To Net: NetName=P8.2 Pin=U1-27
Added Pin To Net: NetName=P8.3 Pin=U1-28
Added Pin To Net: NetName=P9.2 Pin=U1-29
Added Pin To Net: NetName=P5.3 Pin=U1-30
Added Pin To Net: NetName=P6.2 Pin=U1-31
Added Pin To Net: NetName=P9.3 Pin=U1-32
Added Pin To Net: NetName=P7.3 Pin=U1-33
Added Pin To Net: NetName=P6.3 Pin=U1-34
Added Pin To Net: NetName=P7.1 Pin=U1-35
Added Pin To Net: NetName=P7.2 Pin=U1-36
Added Pin To Net: NetName=P9.4 Pin=U1-37
Added Pin To Net: NetName=P7.0 Pin=U1-38
Added Pin To Net: NetName=P9.6 Pin=U1-39
Added Pin To Net: NetName=P9.5 Pin=U1-40
Added Pin To Net: NetName=P8.0 Pin=U1-41
Added Pin To Net: NetName=P9.7 Pin=U1-42
Added Pin To Net: NetName=P7.4 Pin=U1-43
Added Pin To Net: NetName=P7.5 Pin=U1-44
Added Pin To Net: NetName=P7.6 Pin=U1-45
Added Pin To Net: NetName=P7.7 Pin=U1-46
Added Pin To Net: NetName=P10.0 Pin=U1-47
Added Pin To Net: NetName=P10.1 Pin=U1-48
Added Pin To Net: NetName=P10.2 Pin=U1-49
Added Pin To Net: NetName=P10.3 Pin=U1-50
Added Pin To Net: NetName=P10.4 Pin=U1-51
Added Pin To Net: NetName=P10.5 Pin=U1-52
Added Pin To Net: NetName=5V Pin=U1-53
Added Pin To Net: NetName=5V Pin=U1-54
Added Pin To Net: NetName=3V3 Pin=U1-55
Added Pin To Net: NetName=3V3 Pin=U1-56
Added Pin To Net: NetName=GND Pin=U1-57
Added Pin To Net: NetName=GND Pin=U1-58
Added Pin To Net: NetName=P3.6 Pin=U1-59
Added Pin To Net: NetName=P3.7 Pin=U1-60
Added Pin To Net: NetName=P5.2 Pin=U1-61
Added Pin To Net: NetName=P3.5 Pin=U1-62
Added Pin To Net: NetName=P5.0 Pin=U1-63
Added Pin To Net: NetName=P5.1 Pin=U1-64
Added Pin To Net: NetName=P1.7 Pin=U1-65
Added Pin To Net: NetName=P2.3 Pin=U1-66
Added Pin To Net: NetName=P1.6 Pin=U1-67
Added Pin To Net: NetName=P6.7 Pin=U1-68
Added Pin To Net: NetName=RST Pin=U1-69
Added Pin To Net: NetName=P6.6 Pin=U1-70
Added Pin To Net: NetName=P5.7 Pin=U1-71
Added Pin To Net: NetName=P5.6 Pin=U1-72
Added Pin To Net: NetName=P3.0 Pin=U1-73
Added Pin To Net: NetName=P2.4 Pin=U1-74
Added Pin To Net: NetName=P2.5 Pin=U1-75
Added Pin To Net: NetName=P2.6 Pin=U1-76
Added Pin To Net: NetName=GND Pin=U1-77
Added Pin To Net: NetName=P2.7 Pin=U1-78
Added Member To Class: ClassName=432Çý¶¯ Member=Component U1 MSP432
Added Room: Name=432Çý¶¯
