Added Component: Designator=*1(M3 125X300)
Add component (AddParameter): Name = "BOM名称"; Value = "铜柱孔"; VariantName = "[No Variations]"
Add component (AddParameter): Name = "学习资源"; Value = "https://lmdzstyle.taobao.com/"; VariantName = "[No Variations]"
Add component (AddParameter): Name = "版权归属"; Value = "黎明电子style"; VariantName = "[No Variations]"
Added Component: Designator=*2(M3 125X300)
Add component (AddParameter): Name = "BOM名称"; Value = "铜柱孔"; VariantName = "[No Variations]"
Add component (AddParameter): Name = "学习资源"; Value = "https://lmdzstyle.taobao.com/"; VariantName = "[No Variations]"
Add component (AddParameter): Name = "版权归属"; Value = "黎明电子style"; VariantName = "[No Variations]"
Added Component: Designator=*3(M3 125X300)
Add component (AddParameter): Name = "BOM名称"; Value = "铜柱孔"; VariantName = "[No Variations]"
Add component (AddParameter): Name = "学习资源"; Value = "https://lmdzstyle.taobao.com/"; VariantName = "[No Variations]"
Add component (AddParameter): Name = "版权归属"; Value = "黎明电子style"; VariantName = "[No Variations]"
Added Component: Designator=*4(M3 125X300)
Add component (AddParameter): Name = "BOM名称"; Value = "铜柱孔"; VariantName = "[No Variations]"
Add component (AddParameter): Name = "学习资源"; Value = "https://lmdzstyle.taobao.com/"; VariantName = "[No Variations]"
Add component (AddParameter): Name = "版权归属"; Value = "黎明电子style"; VariantName = "[No Variations]"
Added Component: Designator=C1(C 0603)
Add component (AddParameter): Name = "BOM名称"; Value = "无极性贴片电容"; VariantName = "[No Variations]"
Add component (AddParameter): Name = "学习资源"; Value = "https://lmdzstyle.taobao.com/"; VariantName = "[No Variations]"
Add component (AddParameter): Name = "版权归属"; Value = "黎明电子style"; VariantName = "[No Variations]"
Added Component: Designator=C2(C 0603)
Add component (AddParameter): Name = "BOM名称"; Value = "无极性贴片电容"; VariantName = "[No Variations]"
Add component (AddParameter): Name = "学习资源"; Value = "https://lmdzstyle.taobao.com/"; VariantName = "[No Variations]"
Add component (AddParameter): Name = "版权归属"; Value = "黎明电子style"; VariantName = "[No Variations]"
Added Component: Designator=C3(C 0603)
Add component (AddParameter): Name = "BOM名称"; Value = "无极性贴片电容"; VariantName = "[No Variations]"
Add component (AddParameter): Name = "学习资源"; Value = "https://lmdzstyle.taobao.com/"; VariantName = "[No Variations]"
Add component (AddParameter): Name = "版权归属"; Value = "黎明电子style"; VariantName = "[No Variations]"
Added Component: Designator=C4(C 0603)
Add component (AddParameter): Name = "BOM名称"; Value = "无极性贴片电容"; VariantName = "[No Variations]"
Add component (AddParameter): Name = "学习资源"; Value = "https://lmdzstyle.taobao.com/"; VariantName = "[No Variations]"
Add component (AddParameter): Name = "版权归属"; Value = "黎明电子style"; VariantName = "[No Variations]"
Added Component: Designator=C5(C 0603)
Add component (AddParameter): Name = "BOM名称"; Value = "无极性贴片电容"; VariantName = "[No Variations]"
Add component (AddParameter): Name = "学习资源"; Value = "https://lmdzstyle.taobao.com/"; VariantName = "[No Variations]"
Add component (AddParameter): Name = "版权归属"; Value = "黎明电子style"; VariantName = "[No Variations]"
Added Component: Designator=C6(C 0603)
Add component (AddParameter): Name = "BOM名称"; Value = "无极性贴片电容"; VariantName = "[No Variations]"
Add component (AddParameter): Name = "学习资源"; Value = "https://lmdzstyle.taobao.com/"; VariantName = "[No Variations]"
Add component (AddParameter): Name = "版权归属"; Value = "黎明电子style"; VariantName = "[No Variations]"
Added Component: Designator=C7(C 0805_L)
Add component (AddParameter): Name = "BOM名称"; Value = "无极性贴片电容"; VariantName = "[No Variations]"
Add component (AddParameter): Name = "唯一出售店铺网址"; Value = "https://shop463601444.taobao.com"; VariantName = "[No Variations]"
Add component (AddParameter): Name = "淘宝ID"; Value = "封装库来自淘宝 ID：黄晶宝石"; VariantName = "[No Variations]"
Add component (AddParameter): Name = "联系售后，技术支持"; Value = "https://shop463601444.taobao.com"; VariantName = "[No Variations]"
Added Component: Designator=C8(C 0805_L)
Add component (AddParameter): Name = "BOM名称"; Value = "无极性贴片电容"; VariantName = "[No Variations]"
Add component (AddParameter): Name = "唯一出售店铺网址"; Value = "https://shop463601444.taobao.com"; VariantName = "[No Variations]"
Add component (AddParameter): Name = "淘宝ID"; Value = "封装库来自淘宝 ID：黄晶宝石"; VariantName = "[No Variations]"
Add component (AddParameter): Name = "联系售后，技术支持"; Value = "https://shop463601444.taobao.com"; VariantName = "[No Variations]"
Added Component: Designator=C9(C 0805_L)
Add component (AddParameter): Name = "BOM名称"; Value = "无极性贴片电容"; VariantName = "[No Variations]"
Add component (AddParameter): Name = "唯一出售店铺网址"; Value = "https://shop463601444.taobao.com"; VariantName = "[No Variations]"
Add component (AddParameter): Name = "淘宝ID"; Value = "封装库来自淘宝 ID：黄晶宝石"; VariantName = "[No Variations]"
Add component (AddParameter): Name = "联系售后，技术支持"; Value = "https://shop463601444.taobao.com"; VariantName = "[No Variations]"
Added Component: Designator=C10(C 0805_L)
Add component (AddParameter): Name = "BOM名称"; Value = "无极性贴片电容"; VariantName = "[No Variations]"
Add component (AddParameter): Name = "唯一出售店铺网址"; Value = "https://shop463601444.taobao.com"; VariantName = "[No Variations]"
Add component (AddParameter): Name = "淘宝ID"; Value = "封装库来自淘宝 ID：黄晶宝石"; VariantName = "[No Variations]"
Add component (AddParameter): Name = "联系售后，技术支持"; Value = "https://shop463601444.taobao.com"; VariantName = "[No Variations]"
Added Component: Designator=D1(SMC)
Add component (AddParameter): Name = "BOM名称"; Value = "肖特基二极管"; VariantName = "[No Variations]"
Add component (AddParameter): Name = "学习资源"; Value = "www.ooocke.com"; VariantName = "[No Variations]"
Add component (AddParameter): Name = "属性"; Value = "40V/3A"; VariantName = "[No Variations]"
Add component (AddParameter): Name = "版权归属"; Value = "源创客"; VariantName = "[No Variations]"
Added Component: Designator=J1(T-SET)
Add component (AddParameter): Name = "BOM"; Value = "航模电池接口"; VariantName = "[No Variations]"
Added Component: Designator=JP1(HDR2.54-M-LI-2P)
Add component (AddParameter): Name = "BOM名称"; Value = "2P接插件"; VariantName = "[No Variations]"
Add component (AddParameter): Name = "学习资源"; Value = "https://lmdzstyle.taobao.com/"; VariantName = "[No Variations]"
Add component (AddParameter): Name = "版权归属"; Value = "黎明电子style"; VariantName = "[No Variations]"
Added Component: Designator=JP2(HDR2.54-M-LI-2P)
Add component (AddParameter): Name = "BOM名称"; Value = "2P接插件"; VariantName = "[No Variations]"
Add component (AddParameter): Name = "学习资源"; Value = "https://lmdzstyle.taobao.com/"; VariantName = "[No Variations]"
Add component (AddParameter): Name = "版权归属"; Value = "黎明电子style"; VariantName = "[No Variations]"
Added Component: Designator=JP3(HDR2.54-M-LI-2P)
Add component (AddParameter): Name = "BOM名称"; Value = "2P接插件"; VariantName = "[No Variations]"
Add component (AddParameter): Name = "学习资源"; Value = "https://lmdzstyle.taobao.com/"; VariantName = "[No Variations]"
Add component (AddParameter): Name = "版权归属"; Value = "黎明电子style"; VariantName = "[No Variations]"
Added Component: Designator=JP4(HDR2.54-M-LI-2P)
Add component (AddParameter): Name = "BOM名称"; Value = "2P接插件"; VariantName = "[No Variations]"
Add component (AddParameter): Name = "学习资源"; Value = "https://lmdzstyle.taobao.com/"; VariantName = "[No Variations]"
Add component (AddParameter): Name = "版权归属"; Value = "黎明电子style"; VariantName = "[No Variations]"
Added Component: Designator=JP5(ph2.0)
Add component (AddParameter): Name = "BOM名称"; Value = "6P接插件"; VariantName = "[No Variations]"
Add component (AddParameter): Name = "学习资源"; Value = "www.ooocke.com"; VariantName = "[No Variations]"
Add component (AddParameter): Name = "版权归属"; Value = "源创客"; VariantName = "[No Variations]"
Added Component: Designator=JP6(ph2.0)
Add component (AddParameter): Name = "BOM名称"; Value = "6P接插件"; VariantName = "[No Variations]"
Add component (AddParameter): Name = "学习资源"; Value = "www.ooocke.com"; VariantName = "[No Variations]"
Add component (AddParameter): Name = "版权归属"; Value = "源创客"; VariantName = "[No Variations]"
Added Component: Designator=JP7(ph2.0)
Add component (AddParameter): Name = "BOM名称"; Value = "6P接插件"; VariantName = "[No Variations]"
Add component (AddParameter): Name = "学习资源"; Value = "www.ooocke.com"; VariantName = "[No Variations]"
Add component (AddParameter): Name = "版权归属"; Value = "源创客"; VariantName = "[No Variations]"
Added Component: Designator=JP8(ph2.0)
Add component (AddParameter): Name = "BOM名称"; Value = "6P接插件"; VariantName = "[No Variations]"
Add component (AddParameter): Name = "学习资源"; Value = "www.ooocke.com"; VariantName = "[No Variations]"
Add component (AddParameter): Name = "版权归属"; Value = "源创客"; VariantName = "[No Variations]"
Added Component: Designator=JP9(PH2.0-WI-6P)
Add component (AddParameter): Name = "BOM名称"; Value = "6P接插件"; VariantName = "[No Variations]"
Add component (AddParameter): Name = "学习资源"; Value = "https://lmdzstyle.taobao.com/"; VariantName = "[No Variations]"
Add component (AddParameter): Name = "版权归属"; Value = "黎明电子style"; VariantName = "[No Variations]"
Added Component: Designator=JP10(XH2.54-WI-6P)
Add component (AddParameter): Name = "BOM名称"; Value = "6P接插件"; VariantName = "[No Variations]"
Add component (AddParameter): Name = "学习资源"; Value = "https://lmdzstyle.taobao.com/"; VariantName = "[No Variations]"
Add component (AddParameter): Name = "版权归属"; Value = "黎明电子style"; VariantName = "[No Variations]"
Added Component: Designator=JP11(XH2.54-WI-6P)
Add component (AddParameter): Name = "BOM名称"; Value = "6P接插件"; VariantName = "[No Variations]"
Add component (AddParameter): Name = "学习资源"; Value = "https://lmdzstyle.taobao.com/"; VariantName = "[No Variations]"
Add component (AddParameter): Name = "版权归属"; Value = "黎明电子style"; VariantName = "[No Variations]"
Added Component: Designator=JP12(XH2.54-WI-6P)
Add component (AddParameter): Name = "BOM名称"; Value = "6P接插件"; VariantName = "[No Variations]"
Add component (AddParameter): Name = "学习资源"; Value = "https://lmdzstyle.taobao.com/"; VariantName = "[No Variations]"
Add component (AddParameter): Name = "版权归属"; Value = "黎明电子style"; VariantName = "[No Variations]"
Added Component: Designator=JP13(HDR2.54-M-LI-4P)
Add component (AddParameter): Name = "BOM名称"; Value = "4P接插件"; VariantName = "[No Variations]"
Add component (AddParameter): Name = "学习资源"; Value = "https://shop463601444.taobao.com"; VariantName = "[No Variations]"
Add component (AddParameter): Name = "版权归属"; Value = "封装库来自淘宝 ID：黄晶宝石"; VariantName = "[No Variations]"
Added Component: Designator=JP14(HDR2.54-LI-2x10P)
Add component (AddParameter): Name = "BOM名称"; Value = "10*2P接插件"; VariantName = "[No Variations]"
Add component (AddParameter): Name = "学习资源"; Value = "www.ooocke.com"; VariantName = "[No Variations]"
Add component (AddParameter): Name = "版权归属"; Value = "源创客"; VariantName = "[No Variations]"
Added Component: Designator=JP15(HDR2.54-LI-2x10P)
Add component (AddParameter): Name = "BOM名称"; Value = "10*2P接插件"; VariantName = "[No Variations]"
Add component (AddParameter): Name = "学习资源"; Value = "www.ooocke.com"; VariantName = "[No Variations]"
Add component (AddParameter): Name = "版权归属"; Value = "源创客"; VariantName = "[No Variations]"
Added Component: Designator=JP16(HDR2.54-LI-2x19P)
Add component (AddParameter): Name = "BOM名称"; Value = "19*2P接插件"; VariantName = "[No Variations]"
Add component (AddParameter): Name = "学习资源"; Value = "https://shop463601444.taobao.com"; VariantName = "[No Variations]"
Add component (AddParameter): Name = "版权归属"; Value = "封装库来自淘宝 ID：黄晶宝石"; VariantName = "[No Variations]"
Added Component: Designator=JP18(HDR2.54-LI-4P)
Add component (AddParameter): Name = "BOM名称"; Value = "4P接插件"; VariantName = "[No Variations]"
Add component (AddParameter): Name = "学习资源"; Value = "https://shop463601444.taobao.com"; VariantName = "[No Variations]"
Add component (AddParameter): Name = "版权归属"; Value = "封装库来自淘宝 ID：黄晶宝石"; VariantName = "[No Variations]"
Added Component: Designator=JP19(HDR2.54-LI-4P)
Add component (AddParameter): Name = "BOM名称"; Value = "4P接插件"; VariantName = "[No Variations]"
Add component (AddParameter): Name = "学习资源"; Value = "https://shop463601444.taobao.com"; VariantName = "[No Variations]"
Add component (AddParameter): Name = "版权归属"; Value = "封装库来自淘宝 ID：黄晶宝石"; VariantName = "[No Variations]"
Added Component: Designator=JP20(HDR2.54-LI-3P)
Add component (AddParameter): Name = "BOM名称"; Value = "3P接插件"; VariantName = "[No Variations]"
Add component (AddParameter): Name = "学习资源"; Value = "https://shop463601444.taobao.com"; VariantName = "[No Variations]"
Add component (AddParameter): Name = "版权归属"; Value = "封装库来自淘宝 ID：黄晶宝石"; VariantName = "[No Variations]"
Added Component: Designator=JP21(HDR2.54-LI-3P)
Add component (AddParameter): Name = "BOM名称"; Value = "3P接插件"; VariantName = "[No Variations]"
Add component (AddParameter): Name = "学习资源"; Value = "https://shop463601444.taobao.com"; VariantName = "[No Variations]"
Add component (AddParameter): Name = "版权归属"; Value = "封装库来自淘宝 ID：黄晶宝石"; VariantName = "[No Variations]"
Added Component: Designator=JP22(HDR2.54-LI-3P)
Add component (AddParameter): Name = "BOM名称"; Value = "3P接插件"; VariantName = "[No Variations]"
Add component (AddParameter): Name = "学习资源"; Value = "https://shop463601444.taobao.com"; VariantName = "[No Variations]"
Add component (AddParameter): Name = "版权归属"; Value = "封装库来自淘宝 ID：黄晶宝石"; VariantName = "[No Variations]"
Added Component: Designator=JP23(HDR2.54-LI-3P)
Add component (AddParameter): Name = "BOM名称"; Value = "3P接插件"; VariantName = "[No Variations]"
Add component (AddParameter): Name = "学习资源"; Value = "https://shop463601444.taobao.com"; VariantName = "[No Variations]"
Add component (AddParameter): Name = "版权归属"; Value = "封装库来自淘宝 ID：黄晶宝石"; VariantName = "[No Variations]"
Added Component: Designator=JP?(HDR2.54-M-LI-8P)
Add component (AddParameter): Name = "BOM名称"; Value = "8P接插件"; VariantName = "[No Variations]"
Add component (AddParameter): Name = "学习资源"; Value = "https://shop463601444.taobao.com"; VariantName = "[No Variations]"
Add component (AddParameter): Name = "版权归属"; Value = "封装库来自淘宝 ID：黄晶宝石"; VariantName = "[No Variations]"
Added Component: Designator=U1(msp432)
Added Component: Designator=U2(TTSOP)
Add component (AddParameter): Name = "BOM_JLCPCB Part Class"; Value = "Extended Part"; VariantName = "[No Variations]"
Add component (AddParameter): Name = "BOM_Manufacturer"; Value = "TI"; VariantName = "[No Variations]"
Add component (AddParameter): Name = "BOM_Manufacturer Part"; Value = "SN74LVC245APWR"; VariantName = "[No Variations]"
Add component (AddParameter): Name = "BOM_Supplier"; Value = "LCSC"; VariantName = "[No Variations]"
Add component (AddParameter): Name = "BOM_Supplier Part"; Value = "C7848"; VariantName = "[No Variations]"
Add component (AddParameter): Name = "spicePre"; Value = "X"; VariantName = "[No Variations]"
Add component (AddParameter): Name = "spiceSymbolName"; Value = "SN74LVC245APWR"; VariantName = "[No Variations]"
Added Component: Designator=U3(PCBComponent_1 - duplicate)
Add component (AddParameter): Name = "BOM_JLCPCB Part Class"; Value = "Extended Part"; VariantName = "[No Variations]"
Add component (AddParameter): Name = "BOM_Manufacturer"; Value = "TOSHIBA"; VariantName = "[No Variations]"
Add component (AddParameter): Name = "BOM_Manufacturer Part"; Value = "TB6612FNG,C,8,EL"; VariantName = "[No Variations]"
Add component (AddParameter): Name = "BOM_Supplier"; Value = "LCSC"; VariantName = "[No Variations]"
Add component (AddParameter): Name = "BOM_Supplier Part"; Value = "C141517"; VariantName = "[No Variations]"
Add component (AddParameter): Name = "Contributor"; Value = "LCSC"; VariantName = "[No Variations]"
Add component (AddParameter): Name = "spicePre"; Value = "U"; VariantName = "[No Variations]"
Add component (AddParameter): Name = "spiceSymbolName"; Value = "TB6612FNG,C,8,EL"; VariantName = "[No Variations]"
Added Component: Designator=U4(TTSOP)
Add component (AddParameter): Name = "BOM_JLCPCB Part Class"; Value = "Extended Part"; VariantName = "[No Variations]"
Add component (AddParameter): Name = "BOM_Manufacturer"; Value = "TI"; VariantName = "[No Variations]"
Add component (AddParameter): Name = "BOM_Manufacturer Part"; Value = "SN74LVC245APWR"; VariantName = "[No Variations]"
Add component (AddParameter): Name = "BOM_Supplier"; Value = "LCSC"; VariantName = "[No Variations]"
Add component (AddParameter): Name = "BOM_Supplier Part"; Value = "C7848"; VariantName = "[No Variations]"
Add component (AddParameter): Name = "spicePre"; Value = "X"; VariantName = "[No Variations]"
Add component (AddParameter): Name = "spiceSymbolName"; Value = "SN74LVC245APWR"; VariantName = "[No Variations]"
Added Component: Designator=U5(PCBComponent_1 - duplicate)
Add component (AddParameter): Name = "BOM_JLCPCB Part Class"; Value = "Extended Part"; VariantName = "[No Variations]"
Add component (AddParameter): Name = "BOM_Manufacturer"; Value = "TOSHIBA"; VariantName = "[No Variations]"
Add component (AddParameter): Name = "BOM_Manufacturer Part"; Value = "TB6612FNG,C,8,EL"; VariantName = "[No Variations]"
Add component (AddParameter): Name = "BOM_Supplier"; Value = "LCSC"; VariantName = "[No Variations]"
Add component (AddParameter): Name = "BOM_Supplier Part"; Value = "C141517"; VariantName = "[No Variations]"
Add component (AddParameter): Name = "Contributor"; Value = "LCSC"; VariantName = "[No Variations]"
Add component (AddParameter): Name = "spicePre"; Value = "U"; VariantName = "[No Variations]"
Add component (AddParameter): Name = "spiceSymbolName"; Value = "TB6612FNG,C,8,EL"; VariantName = "[No Variations]"
Added Component: Designator=U6(SOT-223)
Added Pin To Net: NetName=+3.3 Pin=C9-2
Added Pin To Net: NetName=+3.3 Pin=C10-2
Added Pin To Net: NetName=+3.3 Pin=U6-2
Added Pin To Net: NetName=+3.3 Pin=U6-2
Added Net: Name=+3.3
Added Pin To Net: NetName=+12 Pin=JP1-1
Added Pin To Net: NetName=+12 Pin=JP1-2
Added Pin To Net: NetName=+12 Pin=U3-1
Added Pin To Net: NetName=+12 Pin=U5-1
Added Net: Name=+12
Added Pin To Net: NetName=3V3 Pin=C1-1
Added Pin To Net: NetName=3V3 Pin=C2-1
Added Pin To Net: NetName=3V3 Pin=JP13-2
Added Pin To Net: NetName=3V3 Pin=JP14-1
Added Pin To Net: NetName=3V3 Pin=JP16-3
Added Pin To Net: NetName=3V3 Pin=JP16-4
Added Pin To Net: NetName=3V3 Pin=JP18-1
Added Pin To Net: NetName=3V3 Pin=JP19-1
Added Pin To Net: NetName=3V3 Pin=JP?-1
Added Pin To Net: NetName=3V3 Pin=U1-1
Added Pin To Net: NetName=3V3 Pin=U1-55
Added Pin To Net: NetName=3V3 Pin=U1-55
Added Pin To Net: NetName=3V3 Pin=U1-56
Added Pin To Net: NetName=3V3 Pin=U1-56
Added Pin To Net: NetName=3V3 Pin=U2-1
Added Pin To Net: NetName=3V3 Pin=U2-20
Added Pin To Net: NetName=3V3 Pin=U4-1
Added Pin To Net: NetName=3V3 Pin=U4-20
Added Net: Name=3V3
Added Pin To Net: NetName=5V Pin=C3-1
Added Pin To Net: NetName=5V Pin=C4-1
Added Pin To Net: NetName=5V Pin=C5-1
Added Pin To Net: NetName=5V Pin=C6-1
Added Pin To Net: NetName=5V Pin=C7-2
Added Pin To Net: NetName=5V Pin=C8-2
Added Pin To Net: NetName=5V Pin=D1-2
Added Pin To Net: NetName=5V Pin=JP5-5
Added Pin To Net: NetName=5V Pin=JP6-5
Added Pin To Net: NetName=5V Pin=JP7-5
Added Pin To Net: NetName=5V Pin=JP8-5
Added Pin To Net: NetName=5V Pin=JP9-5
Added Pin To Net: NetName=5V Pin=JP10-5
Added Pin To Net: NetName=5V Pin=JP11-5
Added Pin To Net: NetName=5V Pin=JP12-5
Added Pin To Net: NetName=5V Pin=JP14-2
Added Pin To Net: NetName=5V Pin=JP16-5
Added Pin To Net: NetName=5V Pin=JP16-6
Added Pin To Net: NetName=5V Pin=JP20-2
Added Pin To Net: NetName=5V Pin=JP21-2
Added Pin To Net: NetName=5V Pin=JP22-2
Added Pin To Net: NetName=5V Pin=JP23-2
Added Pin To Net: NetName=5V Pin=U1-2
Added Pin To Net: NetName=5V Pin=U1-53
Added Pin To Net: NetName=5V Pin=U1-53
Added Pin To Net: NetName=5V Pin=U1-54
Added Pin To Net: NetName=5V Pin=U1-54
Added Pin To Net: NetName=5V Pin=U3-2
Added Pin To Net: NetName=5V Pin=U3-13
Added Pin To Net: NetName=5V Pin=U5-2
Added Pin To Net: NetName=5V Pin=U5-13
Added Pin To Net: NetName=5V Pin=U6-3
Added Net: Name=5V
Added Pin To Net: NetName=GND Pin=C1-2
Added Pin To Net: NetName=GND Pin=C2-2
Added Pin To Net: NetName=GND Pin=C3-2
Added Pin To Net: NetName=GND Pin=C4-2
Added Pin To Net: NetName=GND Pin=C5-2
Added Pin To Net: NetName=GND Pin=C6-2
Added Pin To Net: NetName=GND Pin=C7-1
Added Pin To Net: NetName=GND Pin=C8-1
Added Pin To Net: NetName=GND Pin=C9-1
Added Pin To Net: NetName=GND Pin=C10-1
Added Pin To Net: NetName=GND Pin=J1-2
Added Pin To Net: NetName=GND Pin=JP3-1
Added Pin To Net: NetName=GND Pin=JP3-2
Added Pin To Net: NetName=GND Pin=JP4-1
Added Pin To Net: NetName=GND Pin=JP4-2
Added Pin To Net: NetName=GND Pin=JP5-2
Added Pin To Net: NetName=GND Pin=JP6-2
Added Pin To Net: NetName=GND Pin=JP7-2
Added Pin To Net: NetName=GND Pin=JP8-2
Added Pin To Net: NetName=GND Pin=JP9-2
Added Pin To Net: NetName=GND Pin=JP10-2
Added Pin To Net: NetName=GND Pin=JP11-2
Added Pin To Net: NetName=GND Pin=JP12-2
Added Pin To Net: NetName=GND Pin=JP13-1
Added Pin To Net: NetName=GND Pin=JP14-4
Added Pin To Net: NetName=GND Pin=JP15-2
Added Pin To Net: NetName=GND Pin=JP16-1
Added Pin To Net: NetName=GND Pin=JP16-2
Added Pin To Net: NetName=GND Pin=JP18-2
Added Pin To Net: NetName=GND Pin=JP19-2
Added Pin To Net: NetName=GND Pin=JP20-1
Added Pin To Net: NetName=GND Pin=JP21-1
Added Pin To Net: NetName=GND Pin=JP22-1
Added Pin To Net: NetName=GND Pin=JP23-1
Added Pin To Net: NetName=GND Pin=JP?-2
Added Pin To Net: NetName=GND Pin=JP?-7
Added Pin To Net: NetName=GND Pin=U1-4
Added Pin To Net: NetName=GND Pin=U1-57
Added Pin To Net: NetName=GND Pin=U1-57
Added Pin To Net: NetName=GND Pin=U1-58
Added Pin To Net: NetName=GND Pin=U1-58
Added Pin To Net: NetName=GND Pin=U2-8
Added Pin To Net: NetName=GND Pin=U2-9
Added Pin To Net: NetName=GND Pin=U2-10
Added Pin To Net: NetName=GND Pin=U2-11
Added Pin To Net: NetName=GND Pin=U2-12
Added Pin To Net: NetName=GND Pin=U2-19
Added Pin To Net: NetName=GND Pin=U3-3
Added Pin To Net: NetName=GND Pin=U3-8
Added Pin To Net: NetName=GND Pin=U3-9
Added Pin To Net: NetName=GND Pin=U4-8
Added Pin To Net: NetName=GND Pin=U4-9
Added Pin To Net: NetName=GND Pin=U4-10
Added Pin To Net: NetName=GND Pin=U4-11
Added Pin To Net: NetName=GND Pin=U4-12
Added Pin To Net: NetName=GND Pin=U4-19
Added Pin To Net: NetName=GND Pin=U5-3
Added Pin To Net: NetName=GND Pin=U5-8
Added Pin To Net: NetName=GND Pin=U5-9
Added Pin To Net: NetName=GND Pin=U6-1
Added Net: Name=GND
Added Pin To Net: NetName=NetD1_1 Pin=D1-1
Added Pin To Net: NetName=NetD1_1 Pin=JP2-1
Added Pin To Net: NetName=NetD1_1 Pin=JP2-2
Added Net: Name=NetD1_1
Added Pin To Net: NetName=NetJ1_1 Pin=J1-1
Added Net: Name=NetJ1_1
Added Pin To Net: NetName=NetU2_13 Pin=U2-13
Added Pin To Net: NetName=NetU2_13 Pin=U3-16
Added Net: Name=NetU2_13
Added Pin To Net: NetName=NetU2_14 Pin=U2-14
Added Pin To Net: NetName=NetU2_14 Pin=U3-15
Added Net: Name=NetU2_14
Added Pin To Net: NetName=NetU2_15 Pin=U2-15
Added Pin To Net: NetName=NetU2_15 Pin=U3-14
Added Net: Name=NetU2_15
Added Pin To Net: NetName=NetU2_16 Pin=U2-16
Added Pin To Net: NetName=NetU2_16 Pin=U3-12
Added Net: Name=NetU2_16
Added Pin To Net: NetName=NetU2_17 Pin=U2-17
Added Pin To Net: NetName=NetU2_17 Pin=U3-11
Added Net: Name=NetU2_17
Added Pin To Net: NetName=NetU2_18 Pin=U2-18
Added Pin To Net: NetName=NetU2_18 Pin=U3-10
Added Net: Name=NetU2_18
Added Pin To Net: NetName=NetU4_13 Pin=U4-13
Added Pin To Net: NetName=NetU4_13 Pin=U5-16
Added Net: Name=NetU4_13
Added Pin To Net: NetName=NetU4_14 Pin=U4-14
Added Pin To Net: NetName=NetU4_14 Pin=U5-15
Added Net: Name=NetU4_14
Added Pin To Net: NetName=NetU4_15 Pin=U4-15
Added Pin To Net: NetName=NetU4_15 Pin=U5-14
Added Net: Name=NetU4_15
Added Pin To Net: NetName=NetU4_16 Pin=U4-16
Added Pin To Net: NetName=NetU4_16 Pin=U5-12
Added Net: Name=NetU4_16
Added Pin To Net: NetName=NetU4_17 Pin=U4-17
Added Pin To Net: NetName=NetU4_17 Pin=U5-11
Added Net: Name=NetU4_17
Added Pin To Net: NetName=NetU4_18 Pin=U4-18
Added Pin To Net: NetName=NetU4_18 Pin=U5-10
Added Net: Name=NetU4_18
Added Pin To Net: NetName=O_SCL Pin=JP13-3
Added Pin To Net: NetName=O_SCL Pin=JP15-14
Added Net: Name=O_SCL
Added Pin To Net: NetName=O_SDA Pin=JP13-4
Added Pin To Net: NetName=O_SDA Pin=JP15-12
Added Net: Name=O_SDA
Added Pin To Net: NetName=P1.5 Pin=JP14-13
Added Pin To Net: NetName=P1.5 Pin=U1-13
Added Net: Name=P1.5
Added Pin To Net: NetName=P2.3 Pin=JP15-13
Added Net: Name=P2.3
Added Pin To Net: NetName=P2.4 Pin=JP15-5
Added Net: Name=P2.4
Added Pin To Net: NetName=P2.5 Pin=JP15-4
Added Net: Name=P2.5
Added Pin To Net: NetName=P2.6 Pin=JP15-3
Added Net: Name=P2.6
Added Pin To Net: NetName=P2.7 Pin=JP15-1
Added Net: Name=P2.7
Added Pin To Net: NetName=P3.0 Pin=JP15-6
Added Net: Name=P3.0
Added Pin To Net: NetName=P3.2 Pin=JP14-5
Added Pin To Net: NetName=P3.2 Pin=JP18-3
Added Pin To Net: NetName=P3.2 Pin=U1-5
Added Net: Name=P3.2
Added Pin To Net: NetName=P3.3 Pin=JP14-7
Added Pin To Net: NetName=P3.3 Pin=JP18-4
Added Pin To Net: NetName=P3.3 Pin=U1-7
Added Net: Name=P3.3
Added Pin To Net: NetName=P3.5 Pin=JP15-17
Added Net: Name=P3.5
Added Pin To Net: NetName=P3.6 Pin=JP15-20
Added Pin To Net: NetName=P3.6 Pin=U1-59
Added Net: Name=P3.6
Added Pin To Net: NetName=P3.7 Pin=JP15-19
Added Net: Name=P3.7
Added Pin To Net: NetName=P4.0 Pin=JP5-3
Added Pin To Net: NetName=P4.0 Pin=JP9-3
Added Pin To Net: NetName=P4.0 Pin=JP14-8
Added Pin To Net: NetName=P4.0 Pin=U1-8
Added Net: Name=P4.0
Added Pin To Net: NetName=P4.1 Pin=JP5-4
Added Pin To Net: NetName=P4.1 Pin=JP9-4
Added Pin To Net: NetName=P4.1 Pin=JP14-9
Added Pin To Net: NetName=P4.1 Pin=U1-9
Added Net: Name=P4.1
Added Pin To Net: NetName=P4.2 Pin=JP6-3
Added Pin To Net: NetName=P4.2 Pin=JP10-3
Added Pin To Net: NetName=P4.2 Pin=JP14-10
Added Pin To Net: NetName=P4.2 Pin=U1-10
Added Net: Name=P4.2
Added Pin To Net: NetName=P4.3 Pin=JP6-4
Added Pin To Net: NetName=P4.3 Pin=JP10-4
Added Pin To Net: NetName=P4.3 Pin=JP14-11
Added Pin To Net: NetName=P4.3 Pin=U1-11
Added Net: Name=P4.3
Added Pin To Net: NetName=P4.4 Pin=JP7-3
Added Pin To Net: NetName=P4.4 Pin=JP11-3
Added Pin To Net: NetName=P4.4 Pin=JP14-12
Added Pin To Net: NetName=P4.4 Pin=U1-12
Added Net: Name=P4.4
Added Pin To Net: NetName=P4.5 Pin=JP7-4
Added Pin To Net: NetName=P4.5 Pin=JP11-4
Added Pin To Net: NetName=P4.5 Pin=JP14-14
Added Pin To Net: NetName=P4.5 Pin=U1-14
Added Net: Name=P4.5
Added Pin To Net: NetName=P4.6 Pin=JP8-3
Added Pin To Net: NetName=P4.6 Pin=JP12-3
Added Pin To Net: NetName=P4.6 Pin=JP14-15
Added Pin To Net: NetName=P4.6 Pin=U1-15
Added Net: Name=P4.6
Added Pin To Net: NetName=P4.7 Pin=JP8-4
Added Pin To Net: NetName=P4.7 Pin=JP12-4
Added Pin To Net: NetName=P4.7 Pin=JP14-16
Added Pin To Net: NetName=P4.7 Pin=U1-16
Added Net: Name=P4.7
Added Pin To Net: NetName=P5.0 Pin=JP15-16
Added Net: Name=P5.0
Added Pin To Net: NetName=P5.1 Pin=JP15-15
Added Net: Name=P5.1
Added Pin To Net: NetName=P5.2 Pin=JP15-18
Added Net: Name=P5.2
Added Pin To Net: NetName=P5.3 Pin=JP16-30
Added Pin To Net: NetName=P5.3 Pin=U1-30
Added Net: Name=P5.3
Added Pin To Net: NetName=P5.4 Pin=JP14-18
Added Pin To Net: NetName=P5.4 Pin=U1-18
Added Net: Name=P5.4
Added Pin To Net: NetName=P5.5 Pin=JP14-20
Added Pin To Net: NetName=P5.5 Pin=JP?-8
Added Pin To Net: NetName=P5.5 Pin=U1-20
Added Net: Name=P5.5
Added Pin To Net: NetName=P5.6 Pin=JP15-7
Added Pin To Net: NetName=P5.6 Pin=JP21-3
Added Net: Name=P5.6
Added Pin To Net: NetName=P5.7 Pin=JP15-8
Added Pin To Net: NetName=P5.7 Pin=JP22-3
Added Net: Name=P5.7
Added Pin To Net: NetName=P6.0 Pin=JP14-3
Added Pin To Net: NetName=P6.0 Pin=U1-3
Added Net: Name=P6.0
Added Pin To Net: NetName=P6.1 Pin=JP14-6
Added Pin To Net: NetName=P6.1 Pin=U1-6
Added Net: Name=P6.1
Added Pin To Net: NetName=P6.2 Pin=JP16-27
Added Pin To Net: NetName=P6.2 Pin=U1-31
Added Net: Name=P6.2
Added Pin To Net: NetName=P6.3 Pin=JP16-26
Added Pin To Net: NetName=P6.3 Pin=U1-34
Added Net: Name=P6.3
Added Pin To Net: NetName=P6.4 Pin=JP14-19
Added Pin To Net: NetName=P6.4 Pin=JP?-4
Added Pin To Net: NetName=P6.4 Pin=U1-19
Added Net: Name=P6.4
Added Pin To Net: NetName=P6.5 Pin=JP14-17
Added Pin To Net: NetName=P6.5 Pin=JP?-3
Added Pin To Net: NetName=P6.5 Pin=U1-17
Added Net: Name=P6.5
Added Pin To Net: NetName=P6.6 Pin=JP15-9
Added Pin To Net: NetName=P6.6 Pin=JP23-3
Added Net: Name=P6.6
Added Pin To Net: NetName=P6.7 Pin=JP15-11
Added Pin To Net: NetName=P6.7 Pin=JP20-3
Added Net: Name=P6.7
Added Pin To Net: NetName=P7.0 Pin=JP16-22
Added Pin To Net: NetName=P7.0 Pin=U1-38
Added Net: Name=P7.0
Added Pin To Net: NetName=P7.1 Pin=JP16-23
Added Pin To Net: NetName=P7.1 Pin=U1-35
Added Net: Name=P7.1
Added Pin To Net: NetName=P7.2 Pin=JP16-24
Added Pin To Net: NetName=P7.2 Pin=U1-36
Added Net: Name=P7.2
Added Pin To Net: NetName=P7.3 Pin=JP16-25
Added Pin To Net: NetName=P7.3 Pin=U1-33
Added Net: Name=P7.3
Added Pin To Net: NetName=P7.4 Pin=JP16-15
Added Pin To Net: NetName=P7.4 Pin=U1-43
Added Pin To Net: NetName=P7.4 Pin=U1-43
Added Net: Name=P7.4
Added Pin To Net: NetName=P7.5 Pin=JP16-16
Added Pin To Net: NetName=P7.5 Pin=U1-44
Added Pin To Net: NetName=P7.5 Pin=U1-44
Added Pin To Net: NetName=P7.5 Pin=U4-2
Added Net: Name=P7.5
Added Pin To Net: NetName=P7.6 Pin=JP16-13
Added Pin To Net: NetName=P7.6 Pin=U1-45
Added Pin To Net: NetName=P7.6 Pin=U1-45
Added Pin To Net: NetName=P7.6 Pin=U4-7
Added Net: Name=P7.6
Added Pin To Net: NetName=P7.7 Pin=JP16-14
Added Pin To Net: NetName=P7.7 Pin=U1-46
Added Pin To Net: NetName=P7.7 Pin=U1-46
Added Pin To Net: NetName=P7.7 Pin=U2-2
Added Net: Name=P7.7
Added Pin To Net: NetName=P8.0 Pin=JP16-17
Added Pin To Net: NetName=P8.0 Pin=U1-41
Added Pin To Net: NetName=P8.0 Pin=U1-41
Added Pin To Net: NetName=P8.0 Pin=U2-7
Added Net: Name=P8.0
Added Pin To Net: NetName=P8.2 Pin=JP16-31
Added Pin To Net: NetName=P8.2 Pin=U1-27
Added Net: Name=P8.2
Added Pin To Net: NetName=P8.3 Pin=JP16-32
Added Pin To Net: NetName=P8.3 Pin=U1-28
Added Net: Name=P8.3
Added Pin To Net: NetName=P8.4 Pin=JP16-33
Added Pin To Net: NetName=P8.4 Pin=U1-25
Added Net: Name=P8.4
Added Pin To Net: NetName=P8.5 Pin=JP16-37
Added Pin To Net: NetName=P8.5 Pin=U1-21
Added Net: Name=P8.5
Added Pin To Net: NetName=P8.6 Pin=JP16-38
Added Pin To Net: NetName=P8.6 Pin=U1-22
Added Net: Name=P8.6
Added Pin To Net: NetName=P8.7 Pin=JP16-36
Added Pin To Net: NetName=P8.7 Pin=U1-24
Added Net: Name=P8.7
Added Pin To Net: NetName=P9.0 Pin=JP16-35
Added Pin To Net: NetName=P9.0 Pin=U1-23
Added Net: Name=P9.0
Added Pin To Net: NetName=P9.1 Pin=JP16-34
Added Pin To Net: NetName=P9.1 Pin=U1-26
Added Net: Name=P9.1
Added Pin To Net: NetName=P9.2 Pin=JP16-29
Added Pin To Net: NetName=P9.2 Pin=U1-29
Added Net: Name=P9.2
Added Pin To Net: NetName=P9.3 Pin=JP16-28
Added Pin To Net: NetName=P9.3 Pin=U1-32
Added Net: Name=P9.3
Added Pin To Net: NetName=P9.4 Pin=JP16-21
Added Pin To Net: NetName=P9.4 Pin=U1-37
Added Net: Name=P9.4
Added Pin To Net: NetName=P9.5 Pin=JP16-20
Added Pin To Net: NetName=P9.5 Pin=U1-40
Added Pin To Net: NetName=P9.5 Pin=U1-40
Added Net: Name=P9.5
Added Pin To Net: NetName=P9.6 Pin=JP16-19
Added Pin To Net: NetName=P9.6 Pin=JP19-3
Added Pin To Net: NetName=P9.6 Pin=U1-39
Added Net: Name=P9.6
Added Pin To Net: NetName=P9.7 Pin=JP16-18
Added Pin To Net: NetName=P9.7 Pin=JP19-4
Added Pin To Net: NetName=P9.7 Pin=U1-42
Added Pin To Net: NetName=P9.7 Pin=U1-42
Added Net: Name=P9.7
Added Pin To Net: NetName=P10.0 Pin=JP16-11
Added Pin To Net: NetName=P10.0 Pin=U1-47
Added Pin To Net: NetName=P10.0 Pin=U1-47
Added Net: Name=P10.0
Added Pin To Net: NetName=P10.1 Pin=JP16-12
Added Pin To Net: NetName=P10.1 Pin=U1-48
Added Pin To Net: NetName=P10.1 Pin=U1-48
Added Net: Name=P10.1
Added Pin To Net: NetName=P10.2 Pin=JP16-9
Added Pin To Net: NetName=P10.2 Pin=U1-49
Added Pin To Net: NetName=P10.2 Pin=U1-49
Added Net: Name=P10.2
Added Pin To Net: NetName=P10.3 Pin=JP16-10
Added Pin To Net: NetName=P10.3 Pin=U1-50
Added Pin To Net: NetName=P10.3 Pin=U1-50
Added Net: Name=P10.3
Added Pin To Net: NetName=P10.4 Pin=JP16-7
Added Pin To Net: NetName=P10.4 Pin=U1-51
Added Pin To Net: NetName=P10.4 Pin=U1-51
Added Net: Name=P10.4
Added Pin To Net: NetName=P10.5 Pin=JP16-8
Added Pin To Net: NetName=P10.5 Pin=U1-52
Added Pin To Net: NetName=P10.5 Pin=U1-52
Added Net: Name=P10.5
Added Pin To Net: NetName=PC0 Pin=U4-5
Added Net: Name=PC0
Added Pin To Net: NetName=PC2 Pin=U4-6
Added Net: Name=PC2
Added Pin To Net: NetName=PC14 Pin=U2-3
Added Net: Name=PC14
Added Pin To Net: NetName=PE2 Pin=U2-6
Added Net: Name=PE2
Added Pin To Net: NetName=PE4 Pin=U2-5
Added Net: Name=PE4
Added Pin To Net: NetName=PE6 Pin=U2-4
Added Net: Name=PE6
Added Pin To Net: NetName=PF7 Pin=U4-3
Added Net: Name=PF7
Added Pin To Net: NetName=PF9 Pin=U4-4
Added Net: Name=PF9
Added Pin To Net: NetName=RST Pin=JP15-10
Added Net: Name=RST
Added Pin To Net: NetName=TA1 Pin=JP5-1
Added Pin To Net: NetName=TA1 Pin=JP9-1
Added Pin To Net: NetName=TA1 Pin=U3-7
Added Net: Name=TA1
Added Pin To Net: NetName=TA2 Pin=JP5-6
Added Pin To Net: NetName=TA2 Pin=JP9-6
Added Pin To Net: NetName=TA2 Pin=U3-6
Added Net: Name=TA2
Added Pin To Net: NetName=TB1 Pin=JP6-1
Added Pin To Net: NetName=TB1 Pin=JP10-1
Added Pin To Net: NetName=TB1 Pin=U3-5
Added Net: Name=TB1
Added Pin To Net: NetName=TB2 Pin=JP6-6
Added Pin To Net: NetName=TB2 Pin=JP10-6
Added Pin To Net: NetName=TB2 Pin=U3-4
Added Net: Name=TB2
Added Pin To Net: NetName=TC1 Pin=JP7-1
Added Pin To Net: NetName=TC1 Pin=JP11-1
Added Pin To Net: NetName=TC1 Pin=U5-7
Added Net: Name=TC1
Added Pin To Net: NetName=TC2 Pin=JP7-6
Added Pin To Net: NetName=TC2 Pin=JP11-6
Added Pin To Net: NetName=TC2 Pin=U5-6
Added Net: Name=TC2
Added Pin To Net: NetName=TD1 Pin=JP8-1
Added Pin To Net: NetName=TD1 Pin=JP12-1
Added Pin To Net: NetName=TD1 Pin=U5-5
Added Net: Name=TD1
Added Pin To Net: NetName=TD2 Pin=JP8-6
Added Pin To Net: NetName=TD2 Pin=JP12-6
Added Pin To Net: NetName=TD2 Pin=U5-4
Added Net: Name=TD2
Added Class: Name=432驱动
Added Room: Name=432驱动
